<?xml version="1.0" encoding="UTF-8"?>
<!-- Generated by org.testng.reporters.JUnitXMLReporter -->
<testsuite hostname="devi-PC" ignored="0" name="Testcombined" tests="5" failures="0" timestamp="2021-06-05T21:25:31 IST" time="139.408" errors="0">
  <testcase name="runCreateLead" time="9.893" classname="testcase.CreateLead"/>
  <testcase name="runeditlead" time="15.289" classname="testcase.EditLead"/>
  <testcase name="rundelete" time="16.351" classname="testcase.DeleteLead"/>
  <testcase name="runmergelead" time="20.613" classname="testcase.MergeLead"/>
  <testcase name="runduplead" time="14.56" classname="testcase.DuplicateLead"/>
</testsuite> <!-- Testcombined -->
