<?xml version="1.0" encoding="UTF-8"?>
<!-- Generated by org.testng.reporters.JUnitXMLReporter -->
<testsuite hostname="devi-PC" ignored="0" name="Testparallel" tests="5" failures="0" timestamp="2021-06-05T21:16:37 IST" time="74.321" errors="0">
  <testcase name="runduplead" time="23.962" classname="testcase.DuplicateLead"/>
  <testcase name="rundelete" time="24.756" classname="testcase.DeleteLead"/>
  <testcase name="runCreateLead" time="29.263" classname="testcase.CreateLead"/>
  <testcase name="runeditlead" time="34.604" classname="testcase.EditLead"/>
  <testcase name="runmergelead" time="42.33" classname="testcase.MergeLead"/>
</testsuite> <!-- Testparallel -->
